[debug] [2024-11-15T07:34:02.004Z] ----------------------------------------------------------------------
[debug] [2024-11-15T07:34:02.009Z] Command:       C:\Program Files\nodejs\node.exe C:\Users\ADMIN\AppData\Roaming\npm\node_modules\firebase-tools\lib\bin\firebase.js init
[debug] [2024-11-15T07:34:02.009Z] CLI Version:   13.25.0
[debug] [2024-11-15T07:34:02.010Z] Platform:      win32
[debug] [2024-11-15T07:34:02.010Z] Node Version:  v20.17.0
[debug] [2024-11-15T07:34:02.010Z] Time:          Fri Nov 15 2024 15:34:02 GMT+0800 (Philippine Standard Time)
[debug] [2024-11-15T07:34:02.010Z] ----------------------------------------------------------------------
[debug] 
[debug] [2024-11-15T07:34:02.022Z] > command requires scopes: ["email","openid","https://www.googleapis.com/auth/cloudplatformprojects.readonly","https://www.googleapis.com/auth/firebase","https://www.googleapis.com/auth/cloud-platform"]
[debug] [2024-11-15T07:34:02.023Z] > authorizing via signed-in user (sirenapp25@gmail.com)
[info] 
     ######## #### ########  ######## ########     ###     ######  ########
     ##        ##  ##     ## ##       ##     ##  ##   ##  ##       ##
     ######    ##  ########  ######   ########  #########  ######  ######
     ##        ##  ##    ##  ##       ##     ## ##     ##       ## ##
     ##       #### ##     ## ######## ########  ##     ##  ######  ########

You're about to initialize a Firebase project in this directory:

  C:\Users\ADMIN\Documents\RR\exposirenapp\siren-app

[info] 
=== Project Setup
[info] 
[info] First, let's associate this project directory with a Firebase project.
[info] You can create multiple project aliases by running firebase use --add, 
[info] but for now we'll just set up a default project.
[info] 
[debug] [2024-11-15T07:34:18.559Z] Checked if tokens are valid: true, expires at: 1731659526213
[debug] [2024-11-15T07:34:18.560Z] Checked if tokens are valid: true, expires at: 1731659526213
[debug] [2024-11-15T07:34:18.564Z] >>> [apiv2][query] GET https://firebase.googleapis.com/v1beta1/projects pageSize=100
[debug] [2024-11-15T07:34:19.580Z] <<< [apiv2][status] GET https://firebase.googleapis.com/v1beta1/projects 200
[debug] [2024-11-15T07:34:19.581Z] <<< [apiv2][body] GET https://firebase.googleapis.com/v1beta1/projects [omitted]
[info] i  Using project siren-2cc7c (siren) 
[info] 
=== Dataconnect Setup
[debug] [2024-11-15T07:34:25.559Z] Checked if tokens are valid: true, expires at: 1731659526213
[debug] [2024-11-15T07:34:25.559Z] Checked if tokens are valid: true, expires at: 1731659526213
[debug] [2024-11-15T07:34:25.560Z] >>> [apiv2][query] GET https://cloudbilling.googleapis.com/v1/projects/siren-2cc7c/billingInfo [none]
[debug] [2024-11-15T07:34:26.995Z] <<< [apiv2][status] GET https://cloudbilling.googleapis.com/v1/projects/siren-2cc7c/billingInfo 200
[debug] [2024-11-15T07:34:26.996Z] <<< [apiv2][body] GET https://cloudbilling.googleapis.com/v1/projects/siren-2cc7c/billingInfo {"name":"projects/siren-2cc7c/billingInfo","projectId":"siren-2cc7c","billingAccountName":"","billingEnabled":false}
[info] i  dataconnect: ensuring required API sqladmin.googleapis.com is enabled... 
[debug] [2024-11-15T07:34:27.002Z] Checked if tokens are valid: true, expires at: 1731659526213
[debug] [2024-11-15T07:34:27.002Z] Checked if tokens are valid: true, expires at: 1731659526213
[debug] [2024-11-15T07:34:27.003Z] >>> [apiv2][query] GET https://serviceusage.googleapis.com/v1/projects/siren-2cc7c/services/sqladmin.googleapis.com [none]
[debug] [2024-11-15T07:34:27.003Z] >>> [apiv2][(partial)header] GET https://serviceusage.googleapis.com/v1/projects/siren-2cc7c/services/sqladmin.googleapis.com x-goog-quota-user=projects/siren-2cc7c
[debug] [2024-11-15T07:34:28.578Z] <<< [apiv2][status] GET https://serviceusage.googleapis.com/v1/projects/siren-2cc7c/services/sqladmin.googleapis.com 200
[debug] [2024-11-15T07:34:28.578Z] <<< [apiv2][body] GET https://serviceusage.googleapis.com/v1/projects/siren-2cc7c/services/sqladmin.googleapis.com [omitted]
[warn] !  dataconnect: missing required API sqladmin.googleapis.com. Enabling now... 
[debug] [2024-11-15T07:34:28.581Z] Checked if tokens are valid: true, expires at: 1731659526213
[debug] [2024-11-15T07:34:28.582Z] Checked if tokens are valid: true, expires at: 1731659526213
[debug] [2024-11-15T07:34:28.582Z] >>> [apiv2][query] POST https://serviceusage.googleapis.com/v1/projects/siren-2cc7c/services/sqladmin.googleapis.com:enable [none]
[debug] [2024-11-15T07:34:28.582Z] >>> [apiv2][(partial)header] POST https://serviceusage.googleapis.com/v1/projects/siren-2cc7c/services/sqladmin.googleapis.com:enable x-goog-quota-user=projects/siren-2cc7c
[debug] [2024-11-15T07:34:29.090Z] <<< [apiv2][status] POST https://serviceusage.googleapis.com/v1/projects/siren-2cc7c/services/sqladmin.googleapis.com:enable 200
[debug] [2024-11-15T07:34:29.090Z] <<< [apiv2][body] POST https://serviceusage.googleapis.com/v1/projects/siren-2cc7c/services/sqladmin.googleapis.com:enable [omitted]
[debug] [2024-11-15T07:34:39.103Z] Checked if tokens are valid: true, expires at: 1731659526213
[debug] [2024-11-15T07:34:39.104Z] Checked if tokens are valid: true, expires at: 1731659526213
[debug] [2024-11-15T07:34:39.104Z] >>> [apiv2][query] GET https://serviceusage.googleapis.com/v1/projects/siren-2cc7c/services/sqladmin.googleapis.com [none]
[debug] [2024-11-15T07:34:39.104Z] >>> [apiv2][(partial)header] GET https://serviceusage.googleapis.com/v1/projects/siren-2cc7c/services/sqladmin.googleapis.com x-goog-quota-user=projects/siren-2cc7c
[debug] [2024-11-15T07:34:40.569Z] <<< [apiv2][status] GET https://serviceusage.googleapis.com/v1/projects/siren-2cc7c/services/sqladmin.googleapis.com 200
[debug] [2024-11-15T07:34:40.570Z] <<< [apiv2][body] GET https://serviceusage.googleapis.com/v1/projects/siren-2cc7c/services/sqladmin.googleapis.com [omitted]
[info] +  dataconnect: required API sqladmin.googleapis.com is enabled 
[info] +  Wrote dataconnect\dataconnect.yaml 
[info] +  Wrote dataconnect\schema\schema.gql 
[info] +  Wrote dataconnect\connector\connector.yaml 
[info] +  Wrote dataconnect\connector\queries.gql 
[info] +  Wrote dataconnect\connector\mutations.gql 
[info] +  Detected WEB app in directory C:\Users\ADMIN\Documents\RR\exposirenapp\siren-app 
[info] i  Wrote new config to C:\Users\ADMIN\Documents\RR\exposirenapp\siren-app\dataconnect\connector/connector.yaml 
[info] i  dataconnect: downloading dataconnect-emulator-1.7.0.exe... {"metadata":{"emulator":{"name":"dataconnect"},"message":"downloading dataconnect-emulator-1.7.0.exe..."}}
[debug] [2024-11-15T07:34:52.936Z] >>> [apiv2][query] GET https://storage.googleapis.com/firemat-preview-drop/emulator/dataconnect-emulator-windows-v1.7.0 
[debug] [2024-11-15T07:34:53.565Z] <<< [apiv2][status] GET https://storage.googleapis.com/firemat-preview-drop/emulator/dataconnect-emulator-windows-v1.7.0 200
[debug] [2024-11-15T07:34:53.566Z] <<< [apiv2][body] GET https://storage.googleapis.com/firemat-preview-drop/emulator/dataconnect-emulator-windows-v1.7.0 [stream]
[info] I1115 15:35:49.791190    4320 codegen.go:82] [connector "default" javascriptSdk] Generating sources into "C:\\Users\\ADMIN\\Documents\\RR\\exposirenapp\\siren-app\\dataconnect-generated\\js\\default-connector"
I1115 15:35:50.081574    4320 generate.go:40] Generated all sources. Writing them to disk...
I1115 15:35:50.087414    4320 collector.go:107] connector "default" javascriptSdk wrote into "C:\\Users\\ADMIN\\Documents\\RR\\exposirenapp\\siren-app\\dataconnect-generated\\js\\default-connector"
Generated sources: index.d.ts [264B] esm\index.esm.js [182B] esm\package.json [17B] index.cjs.js [223B] package.json [623B] 
I1115 15:35:50.168712    4320 installsdk.go:76] Running command: C:\Program Files\nodejs\npm.cmd install file:dataconnect-generated\js\default-connector

[info] i  Generated SDK code for default 
[info] +  If you'd like to add more generated SDKs to your app your later, run firebase init dataconnect:sdk again 
[info] i  If you'd like to provision a CloudSQL Postgres instance on the Firebase Data Connect no-cost trial:
1. Please upgrade to the pay-as-you-go (Blaze) billing plan. Visit the following page:
     https://console.firebase.google.com/project/siren-2cc7c/usage/details
2. Run firebase init dataconnect again to configure the Cloud SQL instance.
3. Run firebase deploy --only dataconnect to deploy your Data Connect service. 
[info] 
=== Firestore Setup
[debug] [2024-11-15T07:36:09.246Z] Checked if tokens are valid: true, expires at: 1731659526213
[debug] [2024-11-15T07:36:09.247Z] Checked if tokens are valid: true, expires at: 1731659526213
[debug] [2024-11-15T07:36:09.248Z] >>> [apiv2][query] GET https://serviceusage.googleapis.com/v1/projects/siren-2cc7c/services/firestore.googleapis.com [none]
[debug] [2024-11-15T07:36:09.248Z] >>> [apiv2][(partial)header] GET https://serviceusage.googleapis.com/v1/projects/siren-2cc7c/services/firestore.googleapis.com x-goog-quota-user=projects/siren-2cc7c
[debug] [2024-11-15T07:36:10.738Z] <<< [apiv2][status] GET https://serviceusage.googleapis.com/v1/projects/siren-2cc7c/services/firestore.googleapis.com 200
[debug] [2024-11-15T07:36:10.739Z] <<< [apiv2][body] GET https://serviceusage.googleapis.com/v1/projects/siren-2cc7c/services/firestore.googleapis.com [omitted]
[debug] [2024-11-15T07:36:10.740Z] Checked if tokens are valid: true, expires at: 1731659526213
[debug] [2024-11-15T07:36:10.741Z] Checked if tokens are valid: true, expires at: 1731659526213
[debug] [2024-11-15T07:36:10.741Z] >>> [apiv2][query] GET https://firestore.googleapis.com/v1/projects/siren-2cc7c/databases/(default) [none]
[debug] [2024-11-15T07:36:11.332Z] <<< [apiv2][status] GET https://firestore.googleapis.com/v1/projects/siren-2cc7c/databases/(default) 200
[debug] [2024-11-15T07:36:11.332Z] <<< [apiv2][body] GET https://firestore.googleapis.com/v1/projects/siren-2cc7c/databases/(default) {"name":"projects/siren-2cc7c/databases/(default)","uid":"7eacc924-b924-4b11-90a8-450fe85c9080","createTime":"2024-09-21T06:18:19.193643Z","updateTime":"2024-09-21T06:18:19.193643Z","locationId":"asia-southeast1","type":"FIRESTORE_NATIVE","concurrencyMode":"PESSIMISTIC","versionRetentionPeriod":"3600s","earliestVersionTime":"2024-11-15T06:36:11.450367Z","appEngineIntegrationMode":"DISABLED","keyPrefix":"zas","pointInTimeRecoveryEnablement":"POINT_IN_TIME_RECOVERY_DISABLED","deleteProtectionState":"DELETE_PROTECTION_DISABLED","etag":"IPPZ4/fp3YkDMKuq2fmx04gD"}
[debug] [2024-11-15T07:36:11.332Z] database_type: FIRESTORE_NATIVE
[debug] [2024-11-15T07:36:11.332Z] database_type: FIRESTORE_NATIVE
[debug] [2024-11-15T07:36:11.333Z] > command requires scopes: ["email","openid","https://www.googleapis.com/auth/cloudplatformprojects.readonly","https://www.googleapis.com/auth/firebase","https://www.googleapis.com/auth/cloud-platform"]
[debug] [2024-11-15T07:36:11.333Z] > authorizing via signed-in user (sirenapp25@gmail.com)
[debug] [2024-11-15T07:36:11.333Z] [iam] checking project siren-2cc7c for permissions ["firebase.projects.get"]
[debug] [2024-11-15T07:36:11.334Z] Checked if tokens are valid: true, expires at: 1731659526213
[debug] [2024-11-15T07:36:11.334Z] Checked if tokens are valid: true, expires at: 1731659526213
[debug] [2024-11-15T07:36:11.334Z] >>> [apiv2][query] POST https://cloudresourcemanager.googleapis.com/v1/projects/siren-2cc7c:testIamPermissions [none]
[debug] [2024-11-15T07:36:11.334Z] >>> [apiv2][(partial)header] POST https://cloudresourcemanager.googleapis.com/v1/projects/siren-2cc7c:testIamPermissions x-goog-quota-user=projects/siren-2cc7c
[debug] [2024-11-15T07:36:11.334Z] >>> [apiv2][body] POST https://cloudresourcemanager.googleapis.com/v1/projects/siren-2cc7c:testIamPermissions {"permissions":["firebase.projects.get"]}
[debug] [2024-11-15T07:36:11.787Z] <<< [apiv2][status] POST https://cloudresourcemanager.googleapis.com/v1/projects/siren-2cc7c:testIamPermissions 200
[debug] [2024-11-15T07:36:11.787Z] <<< [apiv2][body] POST https://cloudresourcemanager.googleapis.com/v1/projects/siren-2cc7c:testIamPermissions {"permissions":["firebase.projects.get"]}
[info] 
[info] Firestore Security Rules allow you to define how and when to allow
[info] requests. You can keep these rules in your project directory
[info] and publish them with firebase deploy.
[info] 
[debug] [2024-11-15T07:36:26.293Z] Checked if tokens are valid: true, expires at: 1731659526213
[debug] [2024-11-15T07:36:26.293Z] Checked if tokens are valid: true, expires at: 1731659526213
[debug] [2024-11-15T07:36:26.293Z] >>> [apiv2][query] GET https://firebaserules.googleapis.com/v1/projects/siren-2cc7c/releases pageSize=10&pageToken=
[debug] [2024-11-15T07:36:28.484Z] <<< [apiv2][status] GET https://firebaserules.googleapis.com/v1/projects/siren-2cc7c/releases 200
[debug] [2024-11-15T07:36:28.485Z] <<< [apiv2][body] GET https://firebaserules.googleapis.com/v1/projects/siren-2cc7c/releases {"releases":[{"name":"projects/siren-2cc7c/releases/cloud.firestore","rulesetName":"projects/siren-2cc7c/rulesets/4273caa6-139a-4221-89f9-67461a6187ec","createTime":"2024-09-21T06:18:26.360526Z","updateTime":"2024-09-21T06:18:26.360526Z"},{"name":"projects/siren-2cc7c/releases/firebase.storage/siren-2cc7c.appspot.com","rulesetName":"projects/siren-2cc7c/rulesets/6db93216-3fd2-49a1-b133-bc49f899a2c5","createTime":"2024-10-04T07:49:10.539670Z","updateTime":"2024-10-04T07:49:10.539670Z"}]}
[debug] [2024-11-15T07:36:28.560Z] Found ruleset: projects/siren-2cc7c/rulesets/4273caa6-139a-4221-89f9-67461a6187ec
[debug] [2024-11-15T07:36:28.561Z] Checked if tokens are valid: true, expires at: 1731659526213
[debug] [2024-11-15T07:36:28.561Z] Checked if tokens are valid: true, expires at: 1731659526213
[debug] [2024-11-15T07:36:28.561Z] >>> [apiv2][query] GET https://firebaserules.googleapis.com/v1/projects/siren-2cc7c/rulesets/4273caa6-139a-4221-89f9-67461a6187ec [none]
[debug] [2024-11-15T07:36:29.042Z] <<< [apiv2][status] GET https://firebaserules.googleapis.com/v1/projects/siren-2cc7c/rulesets/4273caa6-139a-4221-89f9-67461a6187ec 200
[debug] [2024-11-15T07:36:29.042Z] <<< [apiv2][body] GET https://firebaserules.googleapis.com/v1/projects/siren-2cc7c/rulesets/4273caa6-139a-4221-89f9-67461a6187ec [omitted]
[info] 
[info] Firestore indexes allow you to perform complex queries while
[info] maintaining performance that scales with the size of the result
[info] set. You can keep index definitions in your project directory
[info] and publish them with firebase deploy.
[info] 
[debug] [2024-11-15T07:36:37.813Z] Checked if tokens are valid: true, expires at: 1731659526213
[debug] [2024-11-15T07:36:37.814Z] Checked if tokens are valid: true, expires at: 1731659526213
[debug] [2024-11-15T07:36:37.814Z] Checked if tokens are valid: true, expires at: 1731659526213
[debug] [2024-11-15T07:36:37.814Z] Checked if tokens are valid: true, expires at: 1731659526213
[debug] [2024-11-15T07:36:37.814Z] >>> [apiv2][query] GET https://firestore.googleapis.com/v1/projects/siren-2cc7c/databases/(default)/collectionGroups/-/indexes [none]
[debug] [2024-11-15T07:36:37.820Z] >>> [apiv2][query] GET https://firestore.googleapis.com/v1/projects/siren-2cc7c/databases/(default)/collectionGroups/-/fields?filter=indexConfig.usesAncestorConfig=false OR ttlConfig:* [none]
[debug] [2024-11-15T07:36:38.353Z] <<< [apiv2][status] GET https://firestore.googleapis.com/v1/projects/siren-2cc7c/databases/(default)/collectionGroups/-/indexes 200
[debug] [2024-11-15T07:36:38.354Z] <<< [apiv2][body] GET https://firestore.googleapis.com/v1/projects/siren-2cc7c/databases/(default)/collectionGroups/-/indexes {}
[debug] [2024-11-15T07:36:38.474Z] <<< [apiv2][status] GET https://firestore.googleapis.com/v1/projects/siren-2cc7c/databases/(default)/collectionGroups/-/fields?filter=indexConfig.usesAncestorConfig=false OR ttlConfig:* 200
[debug] [2024-11-15T07:36:38.474Z] <<< [apiv2][body] GET https://firestore.googleapis.com/v1/projects/siren-2cc7c/databases/(default)/collectionGroups/-/fields?filter=indexConfig.usesAncestorConfig=false OR ttlConfig:* {"fields":[{"name":"projects/siren-2cc7c/databases/(default)/collectionGroups/__default__/fields/*","indexConfig":{"indexes":[{"queryScope":"COLLECTION","fields":[{"fieldPath":"*","order":"ASCENDING"}],"state":"READY"},{"queryScope":"COLLECTION","fields":[{"fieldPath":"*","order":"DESCENDING"}],"state":"READY"},{"queryScope":"COLLECTION","fields":[{"fieldPath":"*","arrayConfig":"CONTAINS"}],"state":"READY"}]}}]}
[info] 
=== Genkit Setup
[debug] [2024-11-15T07:36:38.800Z] Error: spawnSync npm ENOENT
    at Object.spawnSync (node:internal/child_process:1124:20)
    at spawnSync (node:child_process:877:24)
    at execFileSync (node:child_process:920:15)
    at getGenkitVersion (C:\Users\ADMIN\AppData\Roaming\npm\node_modules\firebase-tools\lib\init\features\genkit\index.js:29:58)
    at doSetup (C:\Users\ADMIN\AppData\Roaming\npm\node_modules\firebase-tools\lib\init\features\genkit\index.js:56:30)
    at init (C:\Users\ADMIN\AppData\Roaming\npm\node_modules\firebase-tools\lib\init\index.js:41:15)
    at init (C:\Users\ADMIN\AppData\Roaming\npm\node_modules\firebase-tools\lib\init\index.js:42:16)
    at process.processTicksAndRejections (node:internal/process/task_queues:95:5)
[error] 
[error] Error: An unexpected error has occurred.
